07/10/2012 a 22:01:05 ! : Erreur [8] (Undefined variable: array) dans le fichier C:\wamp\www\GCsystem\system\class\system\templateGc.class.php a la ligne 536
07/10/2012 a 22:01:05 ! : Erreur [8] (Undefined variable: array) dans le fichier C:\wamp\www\GCsystem\system\class\system\templateGc.class.php a la ligne 536
07/10/2012 a 22:01:05 ! : Erreur [8] (Undefined variable: fs) dans le fichier C:\wamp\www\GCsystem\app\cache\template_GCsystem.tpl.compil.php a la ligne 54
07/10/2012 a 22:01:05 ! : Erreur [8] (Undefined variable: qsd) dans le fichier C:\wamp\www\GCsystem\app\cache\template_GCsystem.tpl.compil.php a la ligne 54
07/10/2012 a 22:02:00 ! : Erreur [8] (Undefined variable: array) dans le fichier C:\wamp\www\GCsystem\system\class\system\templateGc.class.php a la ligne 536
07/10/2012 a 22:02:00 ! : Erreur [8] (Undefined variable: array) dans le fichier C:\wamp\www\GCsystem\system\class\system\templateGc.class.php a la ligne 536
07/10/2012 a 22:02:00 ! : Erreur [8] (Undefined variable: sdfjkh) dans le fichier C:\wamp\www\GCsystem\app\cache\template_GCsystem.tpl.compil.php a la ligne 71
07/10/2012 a 22:02:00 ! : Erreur [8] (Undefined variable: fs) dans le fichier C:\wamp\www\GCsystem\app\cache\template_GCsystem.tpl.compil.php a la ligne 76
07/10/2012 a 22:02:00 ! : Erreur [8] (Undefined variable: qsd) dans le fichier C:\wamp\www\GCsystem\app\cache\template_GCsystem.tpl.compil.php a la ligne 76
12/10/2012 a 01:07:55 ! : Erreur [8] (Undefined variable: array) dans le fichier C:\wamp\www\GCsystem\system\class\system\templateGc.class.php a la ligne 536
12/10/2012 a 01:07:55 ! : Erreur [8] (Undefined variable: array) dans le fichier C:\wamp\www\GCsystem\system\class\system\templateGc.class.php a la ligne 536
12/10/2012 a 01:07:55 ! : Erreur [8] (Undefined variable: sdfjkh) dans le fichier C:\wamp\www\GCsystem\app\cache\template_GCsystem.tpl.compil.php a la ligne 71
12/10/2012 a 01:07:55 ! : Erreur [8] (Undefined variable: fs) dans le fichier C:\wamp\www\GCsystem\app\cache\template_GCsystem.tpl.compil.php a la ligne 76
12/10/2012 a 01:07:55 ! : Erreur [8] (Undefined variable: qsd) dans le fichier C:\wamp\www\GCsystem\app\cache\template_GCsystem.tpl.compil.php a la ligne 76
12/10/2012 a 01:08:29 ! : Erreur [8] (Undefined variable: array) dans le fichier C:\wamp\www\GCsystem\system\class\system\templateGc.class.php a la ligne 536
12/10/2012 a 01:08:29 ! : Erreur [8] (Undefined variable: array) dans le fichier C:\wamp\www\GCsystem\system\class\system\templateGc.class.php a la ligne 536
12/10/2012 a 01:08:29 ! : Erreur [8] (Undefined variable: sdfjkh) dans le fichier C:\wamp\www\GCsystem\app\cache\template_GCsystem.tpl.compil.php a la ligne 71
12/10/2012 a 01:08:29 ! : Erreur [8] (Undefined variable: fs) dans le fichier C:\wamp\www\GCsystem\app\cache\template_GCsystem.tpl.compil.php a la ligne 76
12/10/2012 a 01:08:29 ! : Erreur [8] (Undefined variable: qsd) dans le fichier C:\wamp\www\GCsystem\app\cache\template_GCsystem.tpl.compil.php a la ligne 76
12/10/2012 a 01:09:41 ! : Erreur [8] (Undefined variable: array) dans le fichier C:\wamp\www\GCsystem\system\class\system\templateGc.class.php a la ligne 536
12/10/2012 a 01:09:41 ! : Erreur [8] (Undefined variable: array) dans le fichier C:\wamp\www\GCsystem\system\class\system\templateGc.class.php a la ligne 536
12/10/2012 a 01:09:41 ! : Erreur [8] (Undefined variable: sdfjkh) dans le fichier C:\wamp\www\GCsystem\app\cache\template_GCsystem.tpl.compil.php a la ligne 71
12/10/2012 a 01:09:41 ! : Erreur [8] (Undefined variable: fs) dans le fichier C:\wamp\www\GCsystem\app\cache\template_GCsystem.tpl.compil.php a la ligne 76
12/10/2012 a 01:09:41 ! : Erreur [8] (Undefined variable: qsd) dans le fichier C:\wamp\www\GCsystem\app\cache\template_GCsystem.tpl.compil.php a la ligne 76
12/10/2012 a 01:09:55 ! : Erreur [8] (Undefined variable: array) dans le fichier C:\wamp\www\GCsystem\system\class\system\templateGc.class.php a la ligne 536
12/10/2012 a 01:09:55 ! : Erreur [8] (Undefined variable: array) dans le fichier C:\wamp\www\GCsystem\system\class\system\templateGc.class.php a la ligne 536
12/10/2012 a 01:09:55 ! : Erreur [8] (Undefined variable: sdfjkh) dans le fichier C:\wamp\www\GCsystem\app\cache\template_GCsystem.tpl.compil.php a la ligne 71
12/10/2012 a 01:09:55 ! : Erreur [8] (Undefined variable: fs) dans le fichier C:\wamp\www\GCsystem\app\cache\template_GCsystem.tpl.compil.php a la ligne 76
12/10/2012 a 01:09:55 ! : Erreur [8] (Undefined variable: qsd) dans le fichier C:\wamp\www\GCsystem\app\cache\template_GCsystem.tpl.compil.php a la ligne 76
12/10/2012 a 01:10:35 ! : The rubric  were not found
12/10/2012 a 01:22:36 ! : Erreur [8] (Undefined variable: array) dans le fichier C:\wamp\www\GCsystem\system\class\system\templateGc.class.php a la ligne 536
12/10/2012 a 01:22:36 ! : Erreur [8] (Undefined variable: array) dans le fichier C:\wamp\www\GCsystem\system\class\system\templateGc.class.php a la ligne 536
12/10/2012 a 01:22:36 ! : Erreur [8] (Undefined variable: sdfjkh) dans le fichier C:\wamp\www\GCsystem\app\cache\template_GCsystem.tpl.compil.php a la ligne 71
12/10/2012 a 01:22:36 ! : Erreur [8] (Undefined variable: fs) dans le fichier C:\wamp\www\GCsystem\app\cache\template_GCsystem.tpl.compil.php a la ligne 76
12/10/2012 a 01:22:36 ! : Erreur [8] (Undefined variable: qsd) dans le fichier C:\wamp\www\GCsystem\app\cache\template_GCsystem.tpl.compil.php a la ligne 76
12/10/2012 a 01:25:34 ! : Erreur [8] (Undefined property: index::$_commandExplode) dans le fichier C:\wamp\www\GCsystem\app\rubrique\index.class.php a la ligne 18
12/10/2012 a 01:25:50 ! : Erreur [8] (Undefined property: index::$_commandExplode) dans le fichier C:\wamp\www\GCsystem\app\rubrique\index.class.php a la ligne 18
12/10/2012 a 01:26:00 ! : Erreur [8] (Undefined property: index::$_commandExplode) dans le fichier C:\wamp\www\GCsystem\app\rubrique\index.class.php a la ligne 18
