06/09/2012 a 18:39:58 ! : Page rewrite : http://localhost:82/GCsystem/terminal-terminal.html rubrique : localhost/GCsystem/index.php? / origine : http://localhost:82/GCsystem/terminal.html / IP : ::1
06/09/2012 a 18:40:05 ! : Page rewrite : http://localhost:82/GCsystem/terminal-terminal.html rubrique : localhost/GCsystem/index.php? / origine : http://localhost:82/GCsystem/terminal.html / IP : ::1
06/09/2012 a 18:40:12 ! : Page rewrite : http://localhost:82/GCsystem/terminal-terminal.html rubrique : localhost/GCsystem/index.php? / origine : http://localhost:82/GCsystem/terminal.html / IP : ::1
06/09/2012 a 18:40:21 ! : Page rewrite : http://localhost:82/GCsystem/terminal.html rubrique : localhost/GCsystem/index.php? / origine :  / IP : ::1
06/09/2012 a 18:41:48 ! : Page rewrite : http://localhost:82/GCsystem/terminal-terminal.html rubrique : localhost/GCsystem/index.php? / origine : http://localhost:82/GCsystem/terminal.html / IP : ::1
11/09/2012 a 13:37:59 ! : Page rewrite : http://localhost:82/GCsystem/installtest rubrique : localhost/GCsystem/index.php? / origine :  / IP : ::1
11/09/2012 a 13:38:01 ! : Page rewrite : http://localhost:82/GCsystem/terminal.html rubrique : localhost/GCsystem/index.php? / origine :  / IP : ::1
11/09/2012 a 13:38:01 ! : Page rewrite : http://localhost:82/GCsystem/install rubrique : localhost/GCsystem/index.php? / origine :  / IP : ::1
11/09/2012 a 13:38:02 ! : Page rewrite : http://localhost:82/GCsystem/install rubrique : localhost/GCsystem/index.php? / origine :  / IP : ::1
15/09/2012 a 10:17:45 ! : Page rewrite : http://localhost:82/GCsystem/ rubrique : localhost/GCsystem/index.php? / origine : http://localhost:82/ / IP : ::1
15/09/2012 a 10:18:00 ! : Page rewrite : http://localhost:82/GCsystem/terminal.html rubrique : localhost/GCsystem/index.php? / origine : http://localhost:82/GCsystem/ / IP : ::1
15/09/2012 a 10:18:07 ! : Page rewrite : http://localhost:82/GCsystem/terminal-terminal.html rubrique : localhost/GCsystem/index.php? / origine : http://localhost:82/GCsystem/terminal.html / IP : ::1
15/09/2012 a 10:18:11 ! : Page rewrite : http://localhost:82/GCsystem/terminal-terminal.html rubrique : localhost/GCsystem/index.php? / origine : http://localhost:82/GCsystem/terminal.html / IP : ::1
15/09/2012 a 10:18:19 ! : Page rewrite : http://localhost:82/GCsystem/terminal-terminal.html rubrique : localhost/GCsystem/index.php? / origine : http://localhost:82/GCsystem/terminal.html / IP : ::1
15/09/2012 a 12:00:23 ! : Page rewrite : http://localhost:82/GCsystem/terminal-terminal.html rubrique : localhost/GCsystem/index.php? / origine : http://localhost:82/GCsystem/terminal.html / IP : ::1
15/09/2012 a 12:00:27 ! : Page rewrite : http://localhost:82/GCsystem/terminal-terminal.html rubrique : localhost/GCsystem/index.php? / origine : http://localhost:82/GCsystem/terminal.html / IP : ::1
15/09/2012 a 12:02:14 ! : Page rewrite : http://localhost:82/GCsystem/terminal-terminal.html rubrique : localhost/GCsystem/index.php? / origine : http://localhost:82/GCsystem/terminal.html / IP : ::1
15/09/2012 a 12:11:27 ! : Page rewrite : http://localhost:82/GCsystem/terminal-terminal.html rubrique : localhost/GCsystem/index.php? / origine : http://localhost:82/GCsystem/terminal.html / IP : ::1
21/09/2012 a 18:13:00 ! : Page rewrite : http://localhost:82/GCsystem/ rubrique : localhost/GCsystem/index.php? / origine : http://localhost:82/ / IP : ::1
21/09/2012 a 18:13:08 ! : Page rewrite : http://localhost:82/GCsystem/ rubrique : localhost/GCsystem/index.php? / origine : http://localhost:82/ / IP : ::1
21/09/2012 a 18:13:09 ! : Page rewrite : http://localhost:82/GCsystem/ rubrique : localhost/GCsystem/index.php? / origine : http://localhost:82/ / IP : ::1
21/09/2012 a 18:13:10 ! : Page rewrite : http://localhost:82/GCsystem/ rubrique : localhost/GCsystem/index.php? / origine : http://localhost:82/ / IP : ::1
21/09/2012 a 18:13:11 ! : Page rewrite : http://localhost:82/GCsystem/ rubrique : localhost/GCsystem/index.php? / origine : http://localhost:82/ / IP : ::1
21/09/2012 a 18:13:12 ! : Page rewrite : http://localhost:82/GCsystem/ rubrique : localhost/GCsystem/index.php? / origine : http://localhost:82/ / IP : ::1
21/09/2012 a 18:43:52 ! : Page rewrite : http://localhost:82/GCsystem/terminal.html rubrique : localhost/GCsystem/index.php? / origine : http://localhost:82/GCsystem/ / IP : ::1
21/09/2012 a 18:44:15 ! : Page rewrite : http://localhost:82/GCsystem/terminal.html rubrique : localhost/GCsystem/index.php? / origine : http://localhost:82/GCsystem/ / IP : ::1
21/09/2012 a 18:44:49 ! : Page rewrite : http://localhost:82/GCsystem/terminal.html rubrique : localhost/GCsystem/index.php? / origine : http://localhost:82/GCsystem/ / IP : ::1
21/09/2012 a 18:46:58 ! : Page rewrite : http://localhost:82/GCsystem/terminal.html rubrique : localhost/GCsystem/index.php? / origine : http://localhost:82/GCsystem/ / IP : ::1
21/09/2012 a 18:47:00 ! : Page rewrite : http://localhost:82/GCsystem/terminal.html rubrique : localhost/GCsystem/index.php? / origine : http://localhost:82/GCsystem/ / IP : ::1
21/09/2012 a 18:47:02 ! : Page rewrite : http://localhost:82/GCsystem/ rubrique : localhost/GCsystem/index.php? / origine : http://localhost:82/ / IP : ::1
21/09/2012 a 18:47:03 ! : Page rewrite : http://localhost:82/GCsystem/ rubrique : localhost/GCsystem/index.php? / origine : http://localhost:82/ / IP : ::1
21/09/2012 a 18:47:03 ! : Page rewrite : http://localhost:82/GCsystem/ rubrique : localhost/GCsystem/index.php? / origine : http://localhost:82/ / IP : ::1
21/09/2012 a 18:47:10 ! : Page rewrite : http://localhost:82/GCsystem/ rubrique : localhost/GCsystem/index.php? / origine : http://localhost:82/GCsystem/ / IP : ::1
21/09/2012 a 18:47:20 ! : Page rewrite : http://localhost:82/GCsystem/f rubrique : localhost/GCsystem/index.php? / origine :  / IP : ::1
21/09/2012 a 18:47:24 ! : Page rewrite : http://localhost:82/GCsystem/ rubrique : localhost/GCsystem/index.php? / origine : http://localhost:82/ / IP : ::1
21/09/2012 a 18:47:33 ! : Page rewrite : http://localhost:82/GCsystem/sdfs/sd/fs/df/sd/fs/d/fs/df/sd/fs/dfs/df/sdf/sdf/sdfs/df/sdf/sd/f rubrique : localhost/GCsystem/index.php? / origine :  / IP : ::1
21/09/2012 a 18:47:38 ! : Page rewrite : http://localhost:82/GCsystem/ rubrique : localhost/GCsystem/index.php? / origine : http://localhost:82/ / IP : ::1
21/09/2012 a 21:29:38 ! : Page rewrite : http://localhost:82/GCsystem/ rubrique : localhost/GCsystem/index.php? / origine : http://localhost:82/ / IP : ::1
21/09/2012 a 21:29:44 ! : Page rewrite : http://localhost:82/GCsystem/ rubrique : localhost/GCsystem/index.php? / origine : http://localhost:82/ / IP : ::1
21/09/2012 a 21:29:45 ! : Page rewrite : http://localhost:82/GCsystem/ rubrique : localhost/GCsystem/index.php? / origine : http://localhost:82/ / IP : ::1
21/09/2012 a 21:29:46 ! : Page rewrite : http://localhost:82/GCsystem/ rubrique : localhost/GCsystem/index.php? / origine : http://localhost:82/ / IP : ::1
21/09/2012 a 21:29:47 ! : Page rewrite : http://localhost:82/GCsystem/ rubrique : localhost/GCsystem/index.php? / origine : http://localhost:82/ / IP : ::1
