11/08/2013 a 23:09:25 ! : [INFORMATION] fichier C:\wamp\www\GCsystem\system\class\system\Gcsystem.class.php ligne 282 Content-Type : "Content-Type: text/html; charset=UTF-8"
11/08/2013 a 23:09:25 ! : [INFORMATION] fichier C:\wamp\www\GCsystem\system\class\system\Gcsystem.class.php ligne 50 Le fichier de route " app/config/routes.xml" a bien été chargé
11/08/2013 a 23:09:25 ! : [INFORMATION] fichier C:\wamp\www\GCsystem\system\class\system\Gcsystem.class.php ligne 222 Chargement des fichiers "app/rubrique/index.class.php" et "app/model/index.model.class.php"
11/08/2013 a 23:09:25 ! : [INFORMATION] fichier C:\wamp\www\GCsystem\system\class\system\applicationGc.class.php ligne 25 Contrôleur index initialisé
11/08/2013 a 23:09:25 ! : [INFORMATION] fichier C:\wamp\www\GCsystem\system\class\system\firewallGc.class.php ligne 23 le fichier app/config/firewall.xml a bien été chargé
11/08/2013 a 23:09:25 ! : [INFORMATION] fichier C:\wamp\www\GCsystem\system\class\system\applicationGc.class.php ligne 39 Le parefeu n'a identifié aucune erreur dans l'accès à la rubrique index/
11/08/2013 a 23:09:25 ! : [INFORMATION] fichier C:\wamp\www\GCsystem\system\class\system\antispamGc.class.php ligne 23 le fichier app/config/antispam.xml a bien été chargé
11/08/2013 a 23:09:25 ! : [INFORMATION] fichier C:\wamp\www\GCsystem\system\class\system\applicationGc.class.php ligne 51 L'antispam a vérifié que l'utilisateur n'avait pas atteint son quota de requêtes
11/08/2013 a 23:09:25 ! : [INFORMATION] fichier C:\wamp\www\GCsystem\system\class\system\applicationGc.class.php ligne 75 Model index initialisé
11/08/2013 a 23:09:25 ! : [INFORMATION] fichier C:\wamp\www\GCsystem\system\class\system\templateGc.class.php ligne 52 le fichier de template "test" ("app/template/test.tpl") a bien été chargé.
11/08/2013 a 23:09:25 ! : [INFORMATION] fichier C:\wamp\www\GCsystem\system\class\system\templateGc.class.php ligne 52 le fichier de template "tplInclude_test_0_fr_0_" ("app/template/test2.tpl") a bien été chargé.
##### END OF EXECUTION ####################################################################################################
11/08/2013 a 23:09:25 ! : [INFORMATION] fichier C:\wamp\www\GCsystem\system\class\system\templateGc.class.php ligne 52 le fichier de template "GCsystemDev" ("app/template/GCsystem/GCsystemDev.tpl") a bien été chargé.
11/08/2013 a 23:09:25 ! : [INFORMATION] fichier C:\wamp\www\GCsystem\system\class\system\Gcsystem.class.php ligne 282 Content-Type : "Content-Type: text/html; charset=UTF-8"
11/08/2013 a 23:09:25 ! : [INFORMATION] fichier C:\wamp\www\GCsystem\system\class\system\Gcsystem.class.php ligne 50 Le fichier de route " app/config/routes.xml" a bien été chargé
11/08/2013 a 23:09:25 ! : [ERROR] fichier C:\wamp\www\GCsystem\system\class\system\Gcsystem.class.php ligne 201 La rubrique 'unknow'car le route a echoué. Requête http : http://www.gcsystem.dev:82/favicon.ico
11/08/2013 a 23:09:25 ! : [ERROR] fichier C:\wamp\www\GCsystem\system\class\system\Gcsystem.class.php ligne 202 La rubrique  n'a pas été trouvée car le route a échoué. URL : http://www.gcsystem.dev:82/favicon.ico
11/08/2013 a 23:09:25 ! : [INFORMATION] fichier C:\wamp\www\GCsystem\system\class\system\templateGc.class.php ligne 52 le fichier de template "404" ("app/template/ErrorDocument/httpError.tpl") a bien été chargé.
##### END OF EXECUTION ####################################################################################################
11/08/2013 a 23:09:25 ! : [INFORMATION] fichier C:\wamp\www\GCsystem\system\class\system\templateGc.class.php ligne 52 le fichier de template "GCsystemDev" ("app/template/GCsystem/GCsystemDev.tpl") a bien été chargé.
