10/07/2012 à 00:13 ! : Erreur n°8 (Undefined index: HTTP_REFERER) dans le fichier C:\wamp\www\GCsystem2.0\index.php à la ligne 62
10/07/2012 à 00:13 ! : Erreur n°8 (Undefined variable: erreur) dans le fichier C:\wamp\www\GCsystem2.0\system\class\generalGc.class.php à la ligne 89
10/07/2012 à 00:14 ! : Erreur n°8 (Undefined variable: sql_connect) dans le fichier C:\wamp\www\GCsystem2.0\system\class\Gcsystem.class.php à la ligne 88
10/07/2012 à 00:14 ! : Erreur n°8 (Undefined index: HTTP_REFERER) dans le fichier C:\wamp\www\GCsystem2.0\index.php à la ligne 62
10/07/2012 à 00:14 ! : Erreur n°8 (Undefined variable: erreur) dans le fichier C:\wamp\www\GCsystem2.0\system\class\generalGc.class.php à la ligne 89
10/07/2012 à 00:19 ! : Erreur n°8 (Undefined variable: db) dans le fichier C:\wamp\www\GCsystem2.0\index.php à la ligne 27
10/07/2012 à 00:19 ! : Erreur n°8 (Undefined variable: sql_connect) dans le fichier C:\wamp\www\GCsystem2.0\system\class\Gcsystem.class.php à la ligne 88
10/07/2012 à 00:19 ! : Erreur n°8 (Undefined index: HTTP_REFERER) dans le fichier C:\wamp\www\GCsystem2.0\index.php à la ligne 62
10/07/2012 à 00:19 ! : Erreur n°8 (Undefined variable: db) dans le fichier C:\wamp\www\GCsystem2.0\index.php à la ligne 27
10/07/2012 à 00:19 ! : Erreur n°8 (Undefined variable: sql_connect) dans le fichier C:\wamp\www\GCsystem2.0\system\class\Gcsystem.class.php à la ligne 88
10/07/2012 à 00:19 ! : Erreur n°8 (Undefined index: HTTP_REFERER) dans le fichier C:\wamp\www\GCsystem2.0\index.php à la ligne 62
10/07/2012 à 00:20 ! : Erreur n°8 (Undefined variable: db) dans le fichier C:\wamp\www\GCsystem2.0\index.php à la ligne 27
10/07/2012 à 00:20 ! : Erreur n°8 (Undefined variable: sql_connect) dans le fichier C:\wamp\www\GCsystem2.0\system\class\Gcsystem.class.php à la ligne 88
10/07/2012 à 00:20 ! : Erreur n°8 (Undefined index: HTTP_REFERER) dans le fichier C:\wamp\www\GCsystem2.0\index.php à la ligne 62
10/07/2012 à 00:20 ! : Erreur n°8 (Undefined variable: db) dans le fichier C:\wamp\www\GCsystem2.0\index.php à la ligne 27
10/07/2012 à 00:20 ! : Erreur n°8 (Undefined variable: sql_connect) dans le fichier C:\wamp\www\GCsystem2.0\system\class\Gcsystem.class.php à la ligne 88
10/07/2012 à 00:20 ! : Erreur n°8 (Undefined index: HTTP_REFERER) dans le fichier C:\wamp\www\GCsystem2.0\index.php à la ligne 62
10/07/2012 à 00:29 ! : Erreur n°8 (Undefined variable: db) dans le fichier C:\wamp\www\GCsystem2.0\index.php à la ligne 27
10/07/2012 à 00:29 ! : Erreur n°8 (Undefined variable: sql_connect) dans le fichier C:\wamp\www\GCsystem2.0\system\class\Gcsystem.class.php à la ligne 88
10/07/2012 à 00:29 ! : Erreur n°8 (Undefined index: HTTP_REFERER) dans le fichier C:\wamp\www\GCsystem2.0\index.php à la ligne 62
10/07/2012 à 00:29 ! : Erreur n°8 (Undefined index: action) dans le fichier C:\wamp\www\GCsystem2.0\app\rubrique\terminal.php à la ligne 2
10/07/2012 à 00:29 ! : Erreur n°8 (Undefined variable: db) dans le fichier C:\wamp\www\GCsystem2.0\index.php à la ligne 27
10/07/2012 à 00:29 ! : Erreur n°8 (Undefined variable: sql_connect) dans le fichier C:\wamp\www\GCsystem2.0\system\class\Gcsystem.class.php à la ligne 88
10/07/2012 à 00:29 ! : Erreur n°8 (Undefined index: HTTP_REFERER) dans le fichier C:\wamp\www\GCsystem2.0\index.php à la ligne 62
10/07/2012 à 00:29 ! : Erreur n°8 (Undefined index: action) dans le fichier C:\wamp\www\GCsystem2.0\app\rubrique\terminal.php à la ligne 2
10/07/2012 à 00:29 ! : Erreur n°8 (Undefined variable: db) dans le fichier C:\wamp\www\GCsystem2.0\index.php à la ligne 27
10/07/2012 à 00:29 ! : Erreur n°8 (Undefined variable: sql_connect) dans le fichier C:\wamp\www\GCsystem2.0\system\class\Gcsystem.class.php à la ligne 88
10/07/2012 à 00:29 ! : Erreur n°8 (Undefined index: HTTP_REFERER) dans le fichier C:\wamp\www\GCsystem2.0\index.php à la ligne 62
10/07/2012 à 00:29 ! : Erreur n°8 (Undefined index: action) dans le fichier C:\wamp\www\GCsystem2.0\app\rubrique\terminal.php à la ligne 2
10/07/2012 à 00:29 ! : Erreur n°8 (Undefined variable: db) dans le fichier C:\wamp\www\GCsystem2.0\index.php à la ligne 27
10/07/2012 à 00:29 ! : Erreur n°8 (Undefined variable: sql_connect) dans le fichier C:\wamp\www\GCsystem2.0\system\class\Gcsystem.class.php à la ligne 88
10/07/2012 à 00:29 ! : Erreur n°8 (Undefined index: HTTP_REFERER) dans le fichier C:\wamp\www\GCsystem2.0\index.php à la ligne 62
10/07/2012 à 00:29 ! : Erreur n°8 (Undefined index: action) dans le fichier C:\wamp\www\GCsystem2.0\app\rubrique\terminal.php à la ligne 2
10/07/2012 à 00:29 ! : Erreur n°8 (Undefined variable: db) dans le fichier C:\wamp\www\GCsystem2.0\index.php à la ligne 27
10/07/2012 à 00:29 ! : Erreur n°8 (Undefined variable: sql_connect) dans le fichier C:\wamp\www\GCsystem2.0\system\class\Gcsystem.class.php à la ligne 88
10/07/2012 à 00:29 ! : Erreur n°8 (Undefined index: HTTP_REFERER) dans le fichier C:\wamp\www\GCsystem2.0\index.php à la ligne 62
10/07/2012 à 00:29 ! : Erreur n°8 (Undefined index: action) dans le fichier C:\wamp\www\GCsystem2.0\app\rubrique\terminal.php à la ligne 2
10/07/2012 à 00:37 ! : Erreur n°8 (Undefined variable: db) dans le fichier C:\wamp\www\GCsystem2.0\index.php à la ligne 27
10/07/2012 à 00:37 ! : Erreur n°8 (Undefined variable: sql_connect) dans le fichier C:\wamp\www\GCsystem2.0\system\class\Gcsystem.class.php à la ligne 88
10/07/2012 à 00:37 ! : Erreur n°8 (Undefined index: HTTP_REFERER) dans le fichier C:\wamp\www\GCsystem2.0\index.php à la ligne 66
