07/06/2012 à 20:04 ! : Page rewrite : http://localhost:82/GCsystem/ rubrique : localhost/GCsystem/index.php? / origine : http://localhost:82/ / IP : ::1 / SESSION : 7
07/06/2012 à 20:04 ! : Erreur n°8 (Use of undefined constant val - assumed 'val') dans le fichier C:\wampServer\www\GCsystem\app\cache\template_news.tpl.compil.php à la ligne 54
07/06/2012 à 20:04 ! : Erreur n°8 (Use of undefined constant timestamp - assumed 'timestamp') dans le fichier C:\wampServer\www\GCsystem\app\cache\template_news.tpl.compil.php à la ligne 54
07/06/2012 à 20:04 ! : Erreur n°8 (Use of undefined constant val - assumed 'val') dans le fichier C:\wampServer\www\GCsystem\app\cache\template_news.tpl.compil.php à la ligne 54
07/06/2012 à 20:04 ! : Erreur n°8 (Use of undefined constant timestamp - assumed 'timestamp') dans le fichier C:\wampServer\www\GCsystem\app\cache\template_news.tpl.compil.php à la ligne 54
07/06/2012 à 20:04 ! : Erreur n°8 (Use of undefined constant val - assumed 'val') dans le fichier C:\wampServer\www\GCsystem\app\cache\template_news.tpl.compil.php à la ligne 54
07/06/2012 à 20:04 ! : Erreur n°8 (Use of undefined constant timestamp - assumed 'timestamp') dans le fichier C:\wampServer\www\GCsystem\app\cache\template_news.tpl.compil.php à la ligne 54
07/06/2012 à 20:04 ! : Erreur n°8 (Use of undefined constant val - assumed 'val') dans le fichier C:\wampServer\www\GCsystem\app\cache\template_news.tpl.compil.php à la ligne 54
07/06/2012 à 20:04 ! : Erreur n°8 (Use of undefined constant timestamp - assumed 'timestamp') dans le fichier C:\wampServer\www\GCsystem\app\cache\template_news.tpl.compil.php à la ligne 54
07/06/2012 à 20:04 ! : Erreur n°8 (Use of undefined constant val - assumed 'val') dans le fichier C:\wampServer\www\GCsystem\app\cache\template_news.tpl.compil.php à la ligne 54
07/06/2012 à 20:04 ! : Erreur n°8 (Use of undefined constant timestamp - assumed 'timestamp') dans le fichier C:\wampServer\www\GCsystem\app\cache\template_news.tpl.compil.php à la ligne 54
07/06/2012 à 20:04 ! : Erreur n°8 (Use of undefined constant val - assumed 'val') dans le fichier C:\wampServer\www\GCsystem\app\cache\template_news.tpl.compil.php à la ligne 54
07/06/2012 à 20:04 ! : Erreur n°8 (Use of undefined constant timestamp - assumed 'timestamp') dans le fichier C:\wampServer\www\GCsystem\app\cache\template_news.tpl.compil.php à la ligne 54
07/06/2012 à 20:04 ! : Erreur n°8 (Use of undefined constant val - assumed 'val') dans le fichier C:\wampServer\www\GCsystem\app\cache\template_news.tpl.compil.php à la ligne 54
07/06/2012 à 20:04 ! : Erreur n°8 (Use of undefined constant timestamp - assumed 'timestamp') dans le fichier C:\wampServer\www\GCsystem\app\cache\template_news.tpl.compil.php à la ligne 54
07/06/2012 à 20:04 ! : Erreur n°8 (Use of undefined constant val - assumed 'val') dans le fichier C:\wampServer\www\GCsystem\app\cache\template_news.tpl.compil.php à la ligne 54
07/06/2012 à 20:04 ! : Erreur n°8 (Use of undefined constant timestamp - assumed 'timestamp') dans le fichier C:\wampServer\www\GCsystem\app\cache\template_news.tpl.compil.php à la ligne 54
07/06/2012 à 20:04 ! : Erreur n°8 (Use of undefined constant val - assumed 'val') dans le fichier C:\wampServer\www\GCsystem\app\cache\template_news.tpl.compil.php à la ligne 54
07/06/2012 à 20:04 ! : Erreur n°8 (Use of undefined constant timestamp - assumed 'timestamp') dans le fichier C:\wampServer\www\GCsystem\app\cache\template_news.tpl.compil.php à la ligne 54
07/06/2012 à 20:04 ! : Erreur n°8 (Use of undefined constant val - assumed 'val') dans le fichier C:\wampServer\www\GCsystem\app\cache\template_news.tpl.compil.php à la ligne 54
07/06/2012 à 20:04 ! : Erreur n°8 (Use of undefined constant timestamp - assumed 'timestamp') dans le fichier C:\wampServer\www\GCsystem\app\cache\template_news.tpl.compil.php à la ligne 54
07/06/2012 à 20:05 ! : Page rewrite : http://localhost:82/GCsystem/ rubrique : localhost/GCsystem/index.php? / origine : http://localhost:82/ / IP : ::1 / SESSION : 7
07/06/2012 à 20:11 ! : Page rewrite : http://localhost:82/GCsystem/ rubrique : localhost/GCsystem/index.php? / origine : http://localhost:82/ / IP : ::1
07/06/2012 à 20:22 ! : Page rewrite : http://localhost:82/GCsystem/ rubrique : localhost/GCsystem/index.php? / origine : http://localhost:82/ / IP : ::1
07/06/2012 à 20:29 ! : Page rewrite : http://localhost:82/GCsystem/ rubrique : localhost/GCsystem/index.php? / origine : http://localhost:82/ / IP : ::1
07/06/2012 à 20:29 ! : Page rewrite : http://localhost:82/GCsystem/ rubrique : localhost/GCsystem/index.php? / origine : http://localhost:82/ / IP : ::1
08/06/2012 à 16:46 ! : Page rewrite : http://localhost:82/GCsystem/ rubrique : localhost/GCsystem/index.php? / origine : http://localhost:82/ / IP : ::1
08/06/2012 à 17:30 ! : Page rewrite : http://localhost:82/GCsystem/ rubrique : localhost/GCsystem/index.php? / origine : http://localhost:82/ / IP : ::1
08/06/2012 à 17:30 ! : Erreur n°8 (Undefined variable: content) dans le fichier C:\wampServer\www\GCsystem\system\class\templateGc.class.php à la ligne 218
08/06/2012 à 17:30 ! : Erreur n°8 (Undefined variable: content) dans le fichier C:\wampServer\www\GCsystem\system\class\templateGc.class.php à la ligne 218
08/06/2012 à 17:30 ! : Page rewrite : http://localhost:82/GCsystem/ rubrique : localhost/GCsystem/index.php? / origine : http://localhost:82/ / IP : ::1
08/06/2012 à 17:30 ! : Erreur n°8 (Undefined variable: content) dans le fichier C:\wampServer\www\GCsystem\system\class\templateGc.class.php à la ligne 218
08/06/2012 à 17:30 ! : Erreur n°8 (Undefined variable: content) dans le fichier C:\wampServer\www\GCsystem\system\class\templateGc.class.php à la ligne 218
08/06/2012 à 17:36 ! : Page rewrite : http://localhost:82/GCsystem/ rubrique : localhost/GCsystem/index.php? / origine : http://localhost:82/ / IP : ::1
08/06/2012 à 17:36 ! : Erreur n°8 (Undefined variable: content) dans le fichier C:\wampServer\www\GCsystem\system\class\templateGc.class.php à la ligne 218
08/06/2012 à 17:36 ! : Erreur n°8 (Undefined variable: content) dans le fichier C:\wampServer\www\GCsystem\system\class\templateGc.class.php à la ligne 218
08/06/2012 à 17:37 ! : Page rewrite : http://localhost:82/GCsystem/ rubrique : localhost/GCsystem/index.php? / origine : http://localhost:82/ / IP : ::1
08/06/2012 à 17:37 ! : Page rewrite : http://localhost:82/GCsystem/ rubrique : localhost/GCsystem/index.php? / origine : http://localhost:82/ / IP : ::1
08/06/2012 à 17:37 ! : Page rewrite : http://localhost:82/GCsystem/ rubrique : localhost/GCsystem/index.php? / origine : http://localhost:82/ / IP : ::1
08/06/2012 à 17:37 ! : Page rewrite : http://localhost:82/GCsystem/ rubrique : localhost/GCsystem/index.php? / origine : http://localhost:82/ / IP : ::1
08/06/2012 à 17:37 ! : Erreur n°8 (Undefined variable: content) dans le fichier C:\wampServer\www\GCsystem\system\class\templateGc.class.php à la ligne 218
08/06/2012 à 17:37 ! : Erreur n°8 (Undefined variable: content) dans le fichier C:\wampServer\www\GCsystem\system\class\templateGc.class.php à la ligne 218
08/06/2012 à 17:37 ! : Page rewrite : http://localhost:82/GCsystem/ rubrique : localhost/GCsystem/index.php? / origine : http://localhost:82/ / IP : ::1
08/06/2012 à 17:37 ! : Erreur n°8 (Undefined variable: content) dans le fichier C:\wampServer\www\GCsystem\system\class\templateGc.class.php à la ligne 218
08/06/2012 à 17:37 ! : Erreur n°8 (Undefined variable: content) dans le fichier C:\wampServer\www\GCsystem\system\class\templateGc.class.php à la ligne 218
08/06/2012 à 17:38 ! : Page rewrite : http://localhost:82/GCsystem/ rubrique : localhost/GCsystem/index.php? / origine : http://localhost:82/ / IP : ::1
08/06/2012 à 17:38 ! : Erreur n°8 (Undefined variable: content) dans le fichier C:\wampServer\www\GCsystem\system\class\templateGc.class.php à la ligne 218
08/06/2012 à 17:38 ! : Erreur n°8 (Undefined variable: content) dans le fichier C:\wampServer\www\GCsystem\system\class\templateGc.class.php à la ligne 218
08/06/2012 à 17:38 ! : Page rewrite : http://localhost:82/GCsystem/ rubrique : localhost/GCsystem/index.php? / origine : http://localhost:82/ / IP : ::1
08/06/2012 à 17:38 ! : Erreur n°8 (Undefined variable: content) dans le fichier C:\wampServer\www\GCsystem\system\class\templateGc.class.php à la ligne 218
08/06/2012 à 17:38 ! : Erreur n°8 (Undefined variable: content) dans le fichier C:\wampServer\www\GCsystem\system\class\templateGc.class.php à la ligne 218
08/06/2012 à 17:38 ! : Page rewrite : http://localhost:82/GCsystem/ rubrique : localhost/GCsystem/index.php? / origine : http://localhost:82/ / IP : ::1
08/06/2012 à 17:38 ! : Erreur n°8 (Undefined variable: content) dans le fichier C:\wampServer\www\GCsystem\system\class\templateGc.class.php à la ligne 218
08/06/2012 à 17:38 ! : Erreur n°8 (Undefined variable: content) dans le fichier C:\wampServer\www\GCsystem\system\class\templateGc.class.php à la ligne 218
08/06/2012 à 17:43 ! : Page rewrite : http://localhost:82/GCsystem/ rubrique : localhost/GCsystem/index.php? / origine : http://localhost:82/ / IP : ::1
08/06/2012 à 17:43 ! : Erreur n°8 (Undefined variable: content) dans le fichier C:\wampServer\www\GCsystem\system\class\templateGc.class.php à la ligne 218
08/06/2012 à 17:43 ! : Erreur n°8 (Undefined variable: content) dans le fichier C:\wampServer\www\GCsystem\system\class\templateGc.class.php à la ligne 218
08/06/2012 à 17:44 ! : Page rewrite : http://localhost:82/GCsystem/ rubrique : localhost/GCsystem/index.php? / origine : http://localhost:82/ / IP : ::1
08/06/2012 à 17:44 ! : Erreur n°8 (Undefined variable: content) dans le fichier C:\wampServer\www\GCsystem\system\class\templateGc.class.php à la ligne 218
08/06/2012 à 17:44 ! : Erreur n°8 (Undefined variable: content) dans le fichier C:\wampServer\www\GCsystem\system\class\templateGc.class.php à la ligne 218
08/06/2012 à 17:44 ! : Page rewrite : http://localhost:82/GCsystem/index.php rubrique : localhost/GCsystem/index.php? / origine : http://localhost:82/GCsystem/ / IP : ::1
08/06/2012 à 17:44 ! : Erreur n°8 (Undefined variable: content) dans le fichier C:\wampServer\www\GCsystem\system\class\templateGc.class.php à la ligne 218
08/06/2012 à 17:44 ! : Erreur n°8 (Undefined variable: content) dans le fichier C:\wampServer\www\GCsystem\system\class\templateGc.class.php à la ligne 218
08/06/2012 à 17:44 ! : Page rewrite : http://localhost:82/GCsystem/index.php rubrique : localhost/GCsystem/index.php? / origine : http://localhost:82/GCsystem/index.php / IP : ::1
08/06/2012 à 17:44 ! : Erreur n°8 (Undefined variable: content) dans le fichier C:\wampServer\www\GCsystem\system\class\templateGc.class.php à la ligne 218
08/06/2012 à 17:44 ! : Erreur n°8 (Undefined variable: content) dans le fichier C:\wampServer\www\GCsystem\system\class\templateGc.class.php à la ligne 218
08/06/2012 à 17:44 ! : Page rewrite : http://localhost:82/GCsystem/index.php rubrique : localhost/GCsystem/index.php? / origine : http://localhost:82/GCsystem/index.php / IP : ::1
08/06/2012 à 17:44 ! : Erreur n°8 (Undefined variable: content) dans le fichier C:\wampServer\www\GCsystem\system\class\templateGc.class.php à la ligne 218
08/06/2012 à 17:44 ! : Erreur n°8 (Undefined variable: content) dans le fichier C:\wampServer\www\GCsystem\system\class\templateGc.class.php à la ligne 218
08/06/2012 à 17:44 ! : Page rewrite : http://localhost:82/GCsystem/index.php rubrique : localhost/GCsystem/index.php? / origine : http://localhost:82/GCsystem/index.php / IP : ::1
08/06/2012 à 17:44 ! : Erreur n°8 (Undefined variable: content) dans le fichier C:\wampServer\www\GCsystem\system\class\templateGc.class.php à la ligne 218
08/06/2012 à 17:44 ! : Erreur n°8 (Undefined variable: content) dans le fichier C:\wampServer\www\GCsystem\system\class\templateGc.class.php à la ligne 218
08/06/2012 à 17:44 ! : Page rewrite : http://localhost:82/GCsystem/index.php rubrique : localhost/GCsystem/index.php? / origine : http://localhost:82/GCsystem/index.php / IP : ::1
08/06/2012 à 17:44 ! : Erreur n°8 (Undefined variable: content) dans le fichier C:\wampServer\www\GCsystem\system\class\templateGc.class.php à la ligne 218
08/06/2012 à 17:44 ! : Erreur n°8 (Undefined variable: content) dans le fichier C:\wampServer\www\GCsystem\system\class\templateGc.class.php à la ligne 218
08/06/2012 à 17:44 ! : Page rewrite : http://localhost:82/GCsystem/index.php rubrique : localhost/GCsystem/index.php? / origine : http://localhost:82/GCsystem/index.php / IP : ::1
08/06/2012 à 17:44 ! : Erreur n°8 (Undefined variable: content) dans le fichier C:\wampServer\www\GCsystem\system\class\templateGc.class.php à la ligne 218
08/06/2012 à 17:44 ! : Erreur n°8 (Undefined variable: content) dans le fichier C:\wampServer\www\GCsystem\system\class\templateGc.class.php à la ligne 218
08/06/2012 à 17:44 ! : Page rewrite : http://localhost:82/GCsystem/index.php rubrique : localhost/GCsystem/index.php? / origine : http://localhost:82/GCsystem/index.php / IP : ::1
08/06/2012 à 17:44 ! : Erreur n°8 (Undefined variable: content) dans le fichier C:\wampServer\www\GCsystem\system\class\templateGc.class.php à la ligne 218
08/06/2012 à 17:44 ! : Erreur n°8 (Undefined variable: content) dans le fichier C:\wampServer\www\GCsystem\system\class\templateGc.class.php à la ligne 218
08/06/2012 à 17:44 ! : Page rewrite : http://localhost:82/GCsystem/index.php rubrique : localhost/GCsystem/index.php? / origine : http://localhost:82/GCsystem/index.php / IP : ::1
08/06/2012 à 17:44 ! : Erreur n°8 (Undefined variable: content) dans le fichier C:\wampServer\www\GCsystem\system\class\templateGc.class.php à la ligne 218
08/06/2012 à 17:44 ! : Erreur n°8 (Undefined variable: content) dans le fichier C:\wampServer\www\GCsystem\system\class\templateGc.class.php à la ligne 218
08/06/2012 à 17:44 ! : Page rewrite : http://localhost:82/GCsystem/index.php rubrique : localhost/GCsystem/index.php? / origine : http://localhost:82/GCsystem/index.php / IP : ::1
08/06/2012 à 17:44 ! : Erreur n°8 (Undefined variable: content) dans le fichier C:\wampServer\www\GCsystem\system\class\templateGc.class.php à la ligne 218
08/06/2012 à 17:44 ! : Erreur n°8 (Undefined variable: content) dans le fichier C:\wampServer\www\GCsystem\system\class\templateGc.class.php à la ligne 218
08/06/2012 à 17:44 ! : Page rewrite : http://localhost:82/GCsystem/index.php rubrique : localhost/GCsystem/index.php? / origine : http://localhost:82/GCsystem/index.php / IP : ::1
08/06/2012 à 17:44 ! : Erreur n°8 (Undefined variable: content) dans le fichier C:\wampServer\www\GCsystem\system\class\templateGc.class.php à la ligne 218
08/06/2012 à 17:44 ! : Erreur n°8 (Undefined variable: content) dans le fichier C:\wampServer\www\GCsystem\system\class\templateGc.class.php à la ligne 218
08/06/2012 à 17:44 ! : Page rewrite : http://localhost:82/GCsystem/index.php rubrique : localhost/GCsystem/index.php? / origine : http://localhost:82/GCsystem/index.php / IP : ::1
08/06/2012 à 17:44 ! : Erreur n°8 (Undefined variable: content) dans le fichier C:\wampServer\www\GCsystem\system\class\templateGc.class.php à la ligne 218
08/06/2012 à 17:44 ! : Erreur n°8 (Undefined variable: content) dans le fichier C:\wampServer\www\GCsystem\system\class\templateGc.class.php à la ligne 218
08/06/2012 à 17:44 ! : Page rewrite : http://localhost:82/GCsystem/index.php rubrique : localhost/GCsystem/index.php? / origine : http://localhost:82/GCsystem/index.php / IP : ::1
08/06/2012 à 17:44 ! : Erreur n°8 (Undefined variable: content) dans le fichier C:\wampServer\www\GCsystem\system\class\templateGc.class.php à la ligne 218
08/06/2012 à 17:44 ! : Erreur n°8 (Undefined variable: content) dans le fichier C:\wampServer\www\GCsystem\system\class\templateGc.class.php à la ligne 218
08/06/2012 à 17:44 ! : Page rewrite : http://localhost:82/GCsystem/index.php rubrique : localhost/GCsystem/index.php? / origine : http://localhost:82/GCsystem/index.php / IP : ::1
08/06/2012 à 17:44 ! : Erreur n°8 (Undefined variable: content) dans le fichier C:\wampServer\www\GCsystem\system\class\templateGc.class.php à la ligne 218
08/06/2012 à 17:44 ! : Erreur n°8 (Undefined variable: content) dans le fichier C:\wampServer\www\GCsystem\system\class\templateGc.class.php à la ligne 218
08/06/2012 à 17:45 ! : Page rewrite : http://localhost:82/GCsystem/index.php rubrique : localhost/GCsystem/index.php? / origine : http://localhost:82/GCsystem/index.php / IP : ::1
08/06/2012 à 17:45 ! : Erreur n°8 (Undefined variable: content) dans le fichier C:\wampServer\www\GCsystem\system\class\templateGc.class.php à la ligne 218
08/06/2012 à 17:45 ! : Erreur n°8 (Undefined variable: content) dans le fichier C:\wampServer\www\GCsystem\system\class\templateGc.class.php à la ligne 218
08/06/2012 à 17:45 ! : Page rewrite : http://localhost:82/GCsystem/index.php rubrique : localhost/GCsystem/index.php? / origine : http://localhost:82/GCsystem/index.php / IP : ::1
08/06/2012 à 17:45 ! : Erreur n°8 (Undefined variable: content) dans le fichier C:\wampServer\www\GCsystem\system\class\templateGc.class.php à la ligne 218
08/06/2012 à 17:45 ! : Erreur n°8 (Undefined variable: content) dans le fichier C:\wampServer\www\GCsystem\system\class\templateGc.class.php à la ligne 218
08/06/2012 à 17:45 ! : Page rewrite : http://localhost:82/GCsystem/index.php rubrique : localhost/GCsystem/index.php? / origine : http://localhost:82/GCsystem/index.php / IP : ::1
08/06/2012 à 17:45 ! : Erreur n°8 (Undefined variable: content) dans le fichier C:\wampServer\www\GCsystem\system\class\templateGc.class.php à la ligne 218
08/06/2012 à 17:45 ! : Erreur n°8 (Undefined variable: content) dans le fichier C:\wampServer\www\GCsystem\system\class\templateGc.class.php à la ligne 218
08/06/2012 à 17:45 ! : Page rewrite : http://localhost:82/GCsystem/index.php rubrique : localhost/GCsystem/index.php? / origine : http://localhost:82/GCsystem/index.php / IP : ::1
08/06/2012 à 17:45 ! : Erreur n°8 (Undefined variable: content) dans le fichier C:\wampServer\www\GCsystem\system\class\templateGc.class.php à la ligne 218
08/06/2012 à 17:45 ! : Erreur n°8 (Undefined variable: content) dans le fichier C:\wampServer\www\GCsystem\system\class\templateGc.class.php à la ligne 218
08/06/2012 à 17:47 ! : Page rewrite : http://localhost:82/GCsystem/index.php rubrique : localhost/GCsystem/index.php? / origine : http://localhost:82/GCsystem/index.php / IP : ::1
08/06/2012 à 17:47 ! : Erreur n°8 (Undefined variable: content) dans le fichier C:\wampServer\www\GCsystem\system\class\templateGc.class.php à la ligne 218
08/06/2012 à 17:47 ! : Erreur n°8 (Undefined variable: content) dans le fichier C:\wampServer\www\GCsystem\system\class\templateGc.class.php à la ligne 218
08/06/2012 à 17:48 ! : Page rewrite : http://localhost:82/GCsystem/index.php rubrique : localhost/GCsystem/index.php? / origine : http://localhost:82/GCsystem/index.php / IP : ::1
08/06/2012 à 17:48 ! : Erreur n°8 (Undefined variable: content) dans le fichier C:\wampServer\www\GCsystem\system\class\templateGc.class.php à la ligne 218
08/06/2012 à 17:48 ! : Erreur n°8 (Undefined variable: content) dans le fichier C:\wampServer\www\GCsystem\system\class\templateGc.class.php à la ligne 218
08/06/2012 à 17:55 ! : Page rewrite : http://localhost:82/GCsystem/index.php rubrique : localhost/GCsystem/index.php? / origine : http://localhost:82/GCsystem/index.php / IP : ::1
08/06/2012 à 17:55 ! : Erreur n°8 (Undefined variable: content) dans le fichier C:\wampServer\www\GCsystem\system\class\templateGc.class.php à la ligne 218
08/06/2012 à 17:55 ! : Erreur n°8 (Undefined variable: content) dans le fichier C:\wampServer\www\GCsystem\system\class\templateGc.class.php à la ligne 218
08/06/2012 à 18:18 ! : Page rewrite : http://localhost:82/GCsystem/index.php rubrique : localhost/GCsystem/index.php? / origine : http://localhost:82/GCsystem/index.php / IP : ::1
08/06/2012 à 18:18 ! : Erreur n°8 (Undefined variable: content) dans le fichier C:\wampServer\www\GCsystem\system\class\templateGc.class.php à la ligne 218
08/06/2012 à 18:18 ! : Erreur n°8 (Undefined variable: content) dans le fichier C:\wampServer\www\GCsystem\system\class\templateGc.class.php à la ligne 218
08/06/2012 à 18:57 ! : Page rewrite : http://localhost:82/GCsystem/index.php rubrique : localhost/GCsystem/index.php? / origine : http://localhost:82/GCsystem/index.php / IP : ::1
08/06/2012 à 18:57 ! : Erreur n°8 (Undefined variable: content) dans le fichier C:\wampServer\www\GCsystem\system\class\templateGc.class.php à la ligne 218
08/06/2012 à 18:57 ! : Erreur n°8 (Undefined variable: content) dans le fichier C:\wampServer\www\GCsystem\system\class\templateGc.class.php à la ligne 218
08/06/2012 à 18:57 ! : Page rewrite : http://localhost:82/GCsystem/index.php rubrique : localhost/GCsystem/index.php? / origine : http://localhost:82/GCsystem/index.php / IP : ::1
08/06/2012 à 18:57 ! : Erreur n°8 (Undefined variable: content) dans le fichier C:\wampServer\www\GCsystem\system\class\templateGc.class.php à la ligne 218
08/06/2012 à 18:57 ! : Erreur n°8 (Undefined variable: content) dans le fichier C:\wampServer\www\GCsystem\system\class\templateGc.class.php à la ligne 218
08/06/2012 à 18:57 ! : Page rewrite : http://localhost:82/GCsystem/index.php rubrique : localhost/GCsystem/index.php? / origine : http://localhost:82/GCsystem/index.php / IP : ::1
08/06/2012 à 18:57 ! : Erreur n°8 (Undefined variable: content) dans le fichier C:\wampServer\www\GCsystem\system\class\templateGc.class.php à la ligne 218
08/06/2012 à 18:57 ! : Erreur n°8 (Undefined variable: content) dans le fichier C:\wampServer\www\GCsystem\system\class\templateGc.class.php à la ligne 218
08/06/2012 à 18:57 ! : Page rewrite : http://localhost:82/GCsystem/index.php rubrique : localhost/GCsystem/index.php? / origine : http://localhost:82/GCsystem/index.php / IP : ::1
08/06/2012 à 18:57 ! : Erreur n°8 (Undefined variable: content) dans le fichier C:\wampServer\www\GCsystem\system\class\templateGc.class.php à la ligne 218
08/06/2012 à 18:57 ! : Erreur n°8 (Undefined variable: content) dans le fichier C:\wampServer\www\GCsystem\system\class\templateGc.class.php à la ligne 218
08/06/2012 à 18:57 ! : Page rewrite : http://localhost:82/GCsystem/index.php rubrique : localhost/GCsystem/index.php? / origine : http://localhost:82/GCsystem/index.php / IP : ::1
08/06/2012 à 18:57 ! : Erreur n°8 (Undefined variable: content) dans le fichier C:\wampServer\www\GCsystem\system\class\templateGc.class.php à la ligne 218
08/06/2012 à 18:57 ! : Erreur n°8 (Undefined variable: content) dans le fichier C:\wampServer\www\GCsystem\system\class\templateGc.class.php à la ligne 218
08/06/2012 à 21:34 ! : Page rewrite : http://localhost:82/GCsystem/index.php rubrique : localhost/GCsystem/index.php? / origine : http://localhost:82/GCsystem/index.php / IP : ::1
08/06/2012 à 21:34 ! : Erreur n°8 (Undefined variable: content) dans le fichier C:\wampServer\www\GCsystem\system\class\templateGc.class.php à la ligne 218
08/06/2012 à 21:34 ! : Erreur n°8 (Undefined variable: content) dans le fichier C:\wampServer\www\GCsystem\system\class\templateGc.class.php à la ligne 218
08/06/2012 à 21:34 ! : Page rewrite : http://localhost:82/GCsystem/index.php rubrique : localhost/GCsystem/index.php? / origine : http://localhost:82/GCsystem/index.php / IP : ::1
08/06/2012 à 21:34 ! : Erreur n°8 (Undefined variable: content) dans le fichier C:\wampServer\www\GCsystem\system\class\templateGc.class.php à la ligne 218
08/06/2012 à 21:34 ! : Erreur n°8 (Undefined variable: content) dans le fichier C:\wampServer\www\GCsystem\system\class\templateGc.class.php à la ligne 218
08/06/2012 à 21:34 ! : Page rewrite : http://localhost:82/GCsystem/index.php rubrique : localhost/GCsystem/index.php? / origine : http://localhost:82/GCsystem/index.php / IP : ::1
08/06/2012 à 21:34 ! : Erreur n°8 (Undefined variable: content) dans le fichier C:\wampServer\www\GCsystem\system\class\templateGc.class.php à la ligne 218
08/06/2012 à 21:34 ! : Erreur n°8 (Undefined variable: content) dans le fichier C:\wampServer\www\GCsystem\system\class\templateGc.class.php à la ligne 218
08/06/2012 à 21:35 ! : Page rewrite : http://localhost:82/GCsystem/index.php rubrique : localhost/GCsystem/index.php? / origine : http://localhost:82/GCsystem/index.php / IP : ::1
08/06/2012 à 21:35 ! : Erreur n°8 (Undefined variable: content) dans le fichier C:\wampServer\www\GCsystem\system\class\templateGc.class.php à la ligne 218
08/06/2012 à 21:35 ! : Erreur n°8 (Undefined variable: content) dans le fichier C:\wampServer\www\GCsystem\system\class\templateGc.class.php à la ligne 218
08/06/2012 à 21:35 ! : Page rewrite : http://localhost:82/GCsystem/index.php rubrique : localhost/GCsystem/index.php? / origine : http://localhost:82/GCsystem/index.php / IP : ::1
08/06/2012 à 21:35 ! : Erreur n°8 (Undefined variable: content) dans le fichier C:\wampServer\www\GCsystem\system\class\templateGc.class.php à la ligne 218
08/06/2012 à 21:35 ! : Erreur n°8 (Undefined variable: content) dans le fichier C:\wampServer\www\GCsystem\system\class\templateGc.class.php à la ligne 218
08/06/2012 à 22:39 ! : Page rewrite : http://localhost:82/GCsystem/index.php rubrique : localhost/GCsystem/index.php? / origine : http://localhost:82/GCsystem/index.php / IP : ::1
08/06/2012 à 22:39 ! : Erreur n°8 (Undefined variable: content) dans le fichier C:\wampServer\www\GCsystem\system\class\templateGc.class.php à la ligne 218
08/06/2012 à 22:39 ! : Erreur n°8 (Undefined variable: content) dans le fichier C:\wampServer\www\GCsystem\system\class\templateGc.class.php à la ligne 218
